TN:
SF:overlyComplexFunction.js
FN:8,overlyComplexFunction
FN:12,nestedAsyncFunction
FN:22,(anonymous_2)
FN:23,(anonymous_3)
FNF:4
FNH:4
FNDA:3,overlyComplexFunction
FNDA:3,nestedAsyncFunction
FNDA:1,(anonymous_2)
FNDA:1,(anonymous_3)
DA:1,1
DA:2,1
DA:5,1
DA:6,1
DA:9,3
DA:10,3
DA:13,3
DA:14,1
DA:17,2
DA:18,2
DA:19,1
DA:22,1
DA:23,1
DA:24,1
DA:25,1
DA:29,1
DA:30,1
DA:33,3
DA:34,1
DA:36,1
DA:38,1
DA:39,0
DA:41,1
DA:45,0
DA:48,1
LF:25
LH:23
BRDA:13,0,0,1
BRDA:13,0,1,2
BRDA:18,1,0,1
BRDA:18,1,1,1
BRDA:24,2,0,0
BRDA:24,2,1,1
BRDA:36,3,0,1
BRDA:36,3,1,0
BRDA:38,4,0,0
BRDA:38,4,1,1
BRF:10
BRH:7
end_of_record
